<?xml version="1.0" encoding="UTF-8"?>
<testsuite xmlns:xsi="http://www.w3.org/2001/XMLSchema-instance" xsi:noNamespaceSchemaLocation="https://maven.apache.org/surefire/maven-surefire-plugin/xsd/surefire-test-report-3.0.xsd" version="3.0" name="com.jonltech.order_service.OrderServiceApplicationTests" time="30.477" tests="1" errors="0" skipped="0" failures="0">
  <properties>
[...]
</properties>
  <testcase name="shouldPlaceOrder" classname="com.jonltech.order_service.OrderServiceApplicationTests" time="1.39">
    <system-out><![CDATA[13:52:51.394 [main] INFO org.springframework.test.context.support.AnnotationConfigContextLoaderUtils -- Could not detect default configuration classes for test class [com.jonltech.order_service.OrderServiceApplicationTests]: OrderServiceApplicationTests does not declare any static, non-private, non-final, nested classes annotated with @Configuration.
13:52:51.631 [main] INFO org.springframework.boot.test.context.SpringBootTestContextBootstrapper -- Found @SpringBootConfiguration com.jonltech.order_service.OrderServiceApplication for test class com.jonltech.order_service.OrderServiceApplicationTests
13:52:51.821 [main] INFO org.testcontainers.images.PullPolicy -- Image pull policy will be performed by: DefaultPullPolicy()
13:52:51.824 [main] INFO org.testcontainers.utility.ImageNameSubstitutor -- Image name substitution will be performed by: DefaultImageNameSubstitutor (composite of 'ConfigurationFileImageNameSubstitutor' and 'PrefixingImageNameSubstitutor')
13:52:52.301 [main] INFO org.testcontainers.dockerclient.DockerClientProviderStrategy -- Loaded org.testcontainers.dockerclient.UnixSocketClientProviderStrategy from ~/.testcontainers.properties, will try it first
13:52:52.821 [main] INFO org.testcontainers.dockerclient.DockerClientProviderStrategy -- Found Docker environment with local Unix socket (unix:///var/run/docker.sock)
13:52:52.825 [main] INFO org.testcontainers.DockerClientFactory -- Docker host IP address is localhost
13:52:52.873 [main] INFO org.testcontainers.DockerClientFactory -- Connected to docker: 
  Server Version: 26.1.1
  API Version: 1.45
  Operating System: Docker Desktop
  Total Memory: 7841 MB
13:52:52.943 [main] INFO tc.testcontainers/ryuk:0.7.0 -- Creating container for image: testcontainers/ryuk:0.7.0
13:52:53.115 [main] INFO org.testcontainers.utility.RegistryAuthLocator -- Credential helper/store (docker-credential-desktop) does not have credentials for https://index.docker.io/v1/
13:52:53.608 [main] INFO tc.testcontainers/ryuk:0.7.0 -- Container testcontainers/ryuk:0.7.0 is starting: 818398fa6f2e720100db10639bd370cc756c99586753cb3ae00e56f9b643875b
13:52:54.164 [main] INFO tc.testcontainers/ryuk:0.7.0 -- Container testcontainers/ryuk:0.7.0 started in PT1.220256S
13:52:54.181 [main] INFO org.testcontainers.utility.RyukResourceReaper -- Ryuk started - will monitor and terminate Testcontainers containers on JVM exit
13:52:54.181 [main] INFO org.testcontainers.DockerClientFactory -- Checking the system...
13:52:54.182 [main] INFO org.testcontainers.DockerClientFactory -- ✔︎ Docker server version should be at least 1.6.0
13:52:54.208 [main] INFO tc.mysql:5.7.34 -- Creating container for image: mysql:5.7.34
13:52:54.331 [main] INFO tc.mysql:5.7.34 -- Container mysql:5.7.34 is starting: 0a287d3f8b263545954e8dd89532da0849add56bcb583b69a720ad470792dd34
13:52:54.475 [main] WARN tc.mysql:5.7.34 -- The architecture 'amd64' for image 'mysql:5.7.34' (ID sha256:09361feeb4753ac9da80ead4d46e2b21247712c13c9ee3f1e5d55630c64c544f) does not match the Docker server architecture 'arm64'. This will cause the container to execute much more slowly due to emulation and may lead to timeout failures.
13:52:54.476 [main] INFO tc.mysql:5.7.34 -- Waiting for database connection to become available at jdbc:mysql://localhost:64613/test using query 'SELECT 1'
13:53:04.238 [main] INFO tc.mysql:5.7.34 -- Container mysql:5.7.34 started in PT10.029639S
13:53:04.240 [main] INFO tc.mysql:5.7.34 -- Container is started (JDBC URL: jdbc:mysql://localhost:64613/test)
  .   ____          _            __ _ _
 /\\ / ___'_ __ _ _(_)_ __  __ _ \ \ \ \
( ( )\___ | '_ | '_| | '_ \/ _` | \ \ \ \
 \\/  ___)| |_)| | | | | || (_| |  ) ) ) )
  '  |____| .__|_| |_|_| |_\__, | / / / /
 =========|_|==============|___/=/_/_/_/

 :: Spring Boot ::                (v3.3.0)

2024-07-20T13:53:05.128-07:00  INFO 65618 --- [order-services] [           main] [                                                 ] c.j.o.OrderServiceApplicationTests       : Starting OrderServiceApplicationTests using Java 21.0.3 with PID 65618 (started by liudjem in /Users/liudjem/Desktop/microservices/order-services)
2024-07-20T13:53:05.133-07:00  INFO 65618 --- [order-services] [           main] [                                                 ] c.j.o.OrderServiceApplicationTests       : No active profile set, falling back to 1 default profile: "default"
2024-07-20T13:53:05.175-07:00 DEBUG 65618 --- [order-services] [           main] [                                                 ] o.s.w.c.s.GenericWebApplicationContext   : Refreshing org.springframework.web.context.support.GenericWebApplicationContext@7b3cde6f
2024-07-20T13:53:07.860-07:00  INFO 65618 --- [order-services] [           main] [                                                 ] .s.d.r.c.RepositoryConfigurationDelegate : Bootstrapping Spring Data JPA repositories in DEFAULT mode.
2024-07-20T13:53:08.027-07:00  INFO 65618 --- [order-services] [           main] [                                                 ] .s.d.r.c.RepositoryConfigurationDelegate : Finished Spring Data repository scanning in 158 ms. Found 1 JPA repository interface.
2024-07-20T13:53:08.876-07:00  INFO 65618 --- [order-services] [           main] [                                                 ] o.s.cloud.context.scope.GenericScope     : BeanFactory id=bac4ca06-41b7-31bf-8362-b8a199a03c00
2024-07-20T13:53:09.588-07:00  WARN 65618 --- [order-services] [           main] [                                                 ] trationDelegate$BeanPostProcessorChecker : Bean 'org.springframework.cloud.client.loadbalancer.LoadBalancerAutoConfiguration$DeferringLoadBalancerInterceptorConfig' of type [org.springframework.cloud.client.loadbalancer.LoadBalancerAutoConfiguration$DeferringLoadBalancerInterceptorConfig] is not eligible for getting processed by all BeanPostProcessors (for example: not eligible for auto-proxying). The currently created BeanPostProcessor [lbRestClientPostProcessor] is declared through a non-static factory method on that class; consider declaring it as static instead.
2024-07-20T13:53:09.606-07:00  WARN 65618 --- [order-services] [           main] [                                                 ] trationDelegate$BeanPostProcessorChecker : Bean 'deferringLoadBalancerInterceptor' of type [org.springframework.cloud.client.loadbalancer.DeferringLoadBalancerInterceptor] is not eligible for getting processed by all BeanPostProcessors (for example: not eligible for auto-proxying). Is this bean getting eagerly injected into a currently created BeanPostProcessor [lbRestClientPostProcessor]? Check the corresponding BeanPostProcessor declaration and its dependencies.
2024-07-20T13:53:09.662-07:00  WARN 65618 --- [order-services] [           main] [                                                 ] trationDelegate$BeanPostProcessorChecker : Bean 'org.springframework.cloud.client.loadbalancer.reactive.LoadBalancerBeanPostProcessorAutoConfiguration' of type [org.springframework.cloud.client.loadbalancer.reactive.LoadBalancerBeanPostProcessorAutoConfiguration] is not eligible for getting processed by all BeanPostProcessors (for example: not eligible for auto-proxying). The currently created BeanPostProcessor [loadBalancerWebClientBuilderBeanPostProcessor] is declared through a non-static factory method on that class; consider declaring it as static instead.
2024-07-20T13:53:09.678-07:00  WARN 65618 --- [order-services] [           main] [                                                 ] trationDelegate$BeanPostProcessorChecker : Bean 'org.springframework.cloud.client.loadbalancer.reactive.LoadBalancerBeanPostProcessorAutoConfiguration$ReactorDeferringLoadBalancerFilterConfig' of type [org.springframework.cloud.client.loadbalancer.reactive.LoadBalancerBeanPostProcessorAutoConfiguration$ReactorDeferringLoadBalancerFilterConfig] is not eligible for getting processed by all BeanPostProcessors (for example: not eligible for auto-proxying). Is this bean getting eagerly injected into a currently created BeanPostProcessor [loadBalancerWebClientBuilderBeanPostProcessor]? Check the corresponding BeanPostProcessor declaration and its dependencies.
2024-07-20T13:53:09.688-07:00  WARN 65618 --- [order-services] [           main] [                                                 ] trationDelegate$BeanPostProcessorChecker : Bean 'reactorDeferringLoadBalancerExchangeFilterFunction' of type [org.springframework.cloud.client.loadbalancer.reactive.DeferringLoadBalancerExchangeFilterFunction] is not eligible for getting processed by all BeanPostProcessors (for example: not eligible for auto-proxying). Is this bean getting eagerly injected into a currently created BeanPostProcessor [loadBalancerWebClientBuilderBeanPostProcessor]? Check the corresponding BeanPostProcessor declaration and its dependencies.
2024-07-20T13:53:10.293-07:00  INFO 65618 --- [order-services] [           main] [                                                 ] o.hibernate.jpa.internal.util.LogHelper  : HHH000204: Processing PersistenceUnitInfo [name: default]
2024-07-20T13:53:10.340-07:00  INFO 65618 --- [order-services] [           main] [                                                 ] org.hibernate.Version                    : HHH000412: Hibernate ORM core version 6.5.2.Final
2024-07-20T13:53:10.377-07:00  INFO 65618 --- [order-services] [           main] [                                                 ] o.h.c.internal.RegionFactoryInitiator    : HHH000026: Second-level cache disabled
2024-07-20T13:53:10.704-07:00  INFO 65618 --- [order-services] [           main] [                                                 ] o.s.o.j.p.SpringPersistenceUnitInfo      : No LoadTimeWeaver setup: ignoring JPA class transformer
2024-07-20T13:53:10.730-07:00  INFO 65618 --- [order-services] [           main] [                                                 ] com.zaxxer.hikari.HikariDataSource       : HikariPool-1 - Starting...
2024-07-20T13:53:11.412-07:00  INFO 65618 --- [order-services] [           main] [                                                 ] com.zaxxer.hikari.pool.HikariPool        : HikariPool-1 - Added connection com.mysql.cj.jdbc.ConnectionImpl@5d03df76
2024-07-20T13:53:11.426-07:00  INFO 65618 --- [order-services] [           main] [                                                 ] com.zaxxer.hikari.HikariDataSource       : HikariPool-1 - Start completed.
2024-07-20T13:53:11.510-07:00  WARN 65618 --- [order-services] [           main] [                                                 ] org.hibernate.dialect.Dialect            : HHH000511: The 5.7.34 version for [org.hibernate.dialect.MySQLDialect] is no longer supported, hence certain features may not work properly. The minimum supported version is 8.0.0. Check the community dialects project for available legacy versions.
2024-07-20T13:53:11.523-07:00  WARN 65618 --- [order-services] [           main] [                                                 ] org.hibernate.orm.deprecation            : HHH90000025: MySQLDialect does not need to be specified explicitly using 'hibernate.dialect' (remove the property setting and it will be selected by default)
2024-07-20T13:53:12.772-07:00  INFO 65618 --- [order-services] [           main] [                                                 ] o.h.e.t.j.p.i.JtaPlatformInitiator       : HHH000489: No JTA platform available (set 'hibernate.transaction.jta.platform' to enable JTA platform integration)
2024-07-20T13:53:12.986-07:00  INFO 65618 --- [order-services] [           main] [                                                 ] j.LocalContainerEntityManagerFactoryBean : Initialized JPA EntityManagerFactory for persistence unit 'default'
2024-07-20T13:53:16.190-07:00  WARN 65618 --- [order-services] [           main] [                                                 ] JpaBaseConfiguration$JpaWebConfiguration : spring.jpa.open-in-view is enabled by default. Therefore, database queries may be performed during view rendering. Explicitly configure spring.jpa.open-in-view to disable this warning
2024-07-20T13:53:16.441-07:00 DEBUG 65618 --- [order-services] [           main] [                                                 ] s.w.s.m.m.a.RequestMappingHandlerMapping : 4 mappings in 'requestMappingHandlerMapping'
2024-07-20T13:53:16.618-07:00 DEBUG 65618 --- [order-services] [           main] [                                                 ] o.s.w.s.handler.SimpleUrlHandlerMapping  : Patterns [/webjars/**, /**] in 'resourceHandlerMapping'
2024-07-20T13:53:16.718-07:00 DEBUG 65618 --- [order-services] [           main] [                                                 ] s.w.s.m.m.a.RequestMappingHandlerAdapter : ControllerAdvice beans: 0 @ModelAttribute, 0 @InitBinder, 1 RequestBodyAdvice, 1 ResponseBodyAdvice
2024-07-20T13:53:16.784-07:00 DEBUG 65618 --- [order-services] [           main] [                                                 ] .m.m.a.ExceptionHandlerExceptionResolver : ControllerAdvice beans: 0 @ExceptionHandler, 1 ResponseBodyAdvice
2024-07-20T13:53:19.040-07:00 DEBUG 65618 --- [order-services] [           main] [                                                 ] o.s.w.f.ServerHttpObservationFilter      : Filter 'webMvcObservationFilter' configured for use
2024-07-20T13:53:19.046-07:00  INFO 65618 --- [order-services] [           main] [                                                 ] o.s.b.t.m.w.SpringBootMockServletContext : Initializing Spring TestDispatcherServlet ''
2024-07-20T13:53:19.047-07:00  INFO 65618 --- [order-services] [           main] [                                                 ] o.s.t.web.servlet.TestDispatcherServlet  : Initializing Servlet ''
2024-07-20T13:53:19.076-07:00  INFO 65618 --- [order-services] [           main] [                                                 ] o.s.b.a.e.web.EndpointLinksResolver      : Exposing 24 endpoints beneath base path '/actuator'
2024-07-20T13:53:19.134-07:00  INFO 65618 --- [order-services] [           main] [                                                 ] o.s.t.web.servlet.TestDispatcherServlet  : Completed initialization in 83 ms
2024-07-20T13:53:19.377-07:00  INFO 65618 --- [order-services] [           main] [                                                 ] DiscoveryClientOptionalArgsConfiguration : Eureka HTTP Client uses RestTemplate.
2024-07-20T13:53:19.525-07:00  WARN 65618 --- [order-services] [           main] [                                                 ] iguration$LoadBalancerCaffeineWarnLogger : Spring Cloud LoadBalancer is currently working with the default cache. While this cache implementation is useful for development and tests, it's recommended to use Caffeine cache in production.You can switch to using Caffeine cache, by adding it and org.springframework.cache.caffeine.CaffeineCacheManager to the classpath.
2024-07-20T13:53:19.660-07:00  INFO 65618 --- [order-services] [           main] [                                                 ] c.j.o.OrderServiceApplicationTests       : Started OrderServiceApplicationTests in 15.292 seconds (process running for 29.92)
2024-07-20T13:53:21.090-07:00 DEBUG 65618 --- [order-services] [           main] [                                                 ] s.w.s.m.m.a.RequestMappingHandlerMapping : Mapped to com.jonltech.order_service.controller.OrderController#placeOrder(OrderRequest)
2024-07-20T13:53:21.182-07:00 DEBUG 65618 --- [order-services] [           main] [                                                 ] m.m.a.RequestResponseBodyMethodProcessor : Read "application/json;charset=UTF-8" to [OrderRequest(orderLineItemDtosList=[OrderLineItemsDto(skuCode=232980nois, quantity=3, price=5000.0)] (truncated)...]
2024-07-20T13:53:21.244-07:00 DEBUG 65618 --- [order-services] [           main] [                                                 ] o.s.w.c.request.async.WebAsyncManager    : Started async request for "/api/order"
2024-07-20T13:53:21.280-07:00 DEBUG 65618 --- [order-services] [onPool-worker-1] [                                                 ] o.s.w.r.f.client.ExchangeFunctions       : [4e6c97bd] HTTP GET http:?skuCode=232980nois
2024-07-20T13:53:21.304-07:00 DEBUG 65618 --- [order-services] [onPool-worker-1] [                                                 ] o.s.w.c.request.async.WebAsyncManager    : Async result set to: Oops, the order cannot be placed at the moment, please try again later! for "/api/order"
2024-07-20T13:53:21.305-07:00 DEBUG 65618 --- [order-services] [onPool-worker-1] [                                                 ] o.s.w.c.request.async.WebAsyncManager    : Performing async dispatch for "/api/order"
]]></system-out>
    <system-err><![CDATA[WARNING: A Java agent has been loaded dynamically (/Users/liudjem/.m2/repository/net/bytebuddy/byte-buddy-agent/1.14.16/byte-buddy-agent-1.14.16.jar)
WARNING: If a serviceability tool is in use, please run with -XX:+EnableDynamicAgentLoading to hide this warning
WARNING: If a serviceability tool is not in use, please run with -Djdk.instrument.traceUsage for more information
WARNING: Dynamic loading of agents will be disallowed by default in a future release
]]></system-err>
  </testcase>
</testsuite>